<?xml version="1.0" encoding="UTF-8"?>
<!-- Generated by org.testng.reporters.JUnitReportReporter -->
<testsuite skipped="0" hostname="DESKTOP-5FK0QAV" name="Playsmartbabe.testmaven2" tests="1" failures="0" timestamp="26 Jan 2019 03:59:54 GMT" time="0.020" errors="0">
  <testcase name="testcase" time="0.020" classname="Playsmartbabe.testmaven2"/>
</testsuite> <!-- Playsmartbabe.testmaven2 -->
