<?xml version="1.0" encoding="UTF-8"?>
<!-- Generated by org.testng.reporters.JUnitReportReporter -->
<testsuite skipped="0" hostname="DESKTOP-5FK0QAV" name="Playsmartbabe.maventest3" tests="2" failures="0" timestamp="22 Dec 2018 09:52:59 GMT" time="0.049" errors="0">
  <testcase name="testcase3" time="0.002" classname="Playsmartbabe.maventest3"/>
  <testcase name="testcase3" time="0.047" classname="Playsmartbabe.maventest3"/>
</testsuite> <!-- Playsmartbabe.maventest3 -->
