<?xml version="1.0" encoding="UTF-8"?>
<!-- Generated by org.testng.reporters.JUnitReportReporter -->
<testsuite skipped="0" hostname="DESKTOP-5FK0QAV" name="Playsmartbabe.testmaven2" tests="1" failures="0" timestamp="22 Dec 2018 07:04:45 GMT" time="0.001" errors="0">
  <testcase name="testcase" time="0.001" classname="Playsmartbabe.testmaven2"/>
</testsuite> <!-- Playsmartbabe.testmaven2 -->
